#
# There is insufficient memory for the Java Runtime Environment to continue.
# Native memory allocation (mmap) failed to map 197132288 bytes for G1 virtual space
# Possible reasons:
#   The system is out of physical RAM or swap space
#   The process is running with CompressedOops enabled, and the Java Heap may be blocking the growth of the native heap
# Possible solutions:
#   Reduce memory load on the system
#   Increase physical memory or swap space
#   Check if swap backing store is full
#   Decrease Java heap size (-Xmx/-Xms)
#   Decrease number of Java threads
#   Decrease Java thread stack sizes (-Xss)
#   Set larger code cache with -XX:ReservedCodeCacheSize=
#   JVM is running with Zero Based Compressed Oops mode in which the Java heap is
#     placed in the first 32GB address space. The Java Heap base address is the
#     maximum limit for the native heap growth. Please use -XX:HeapBaseMinAddress
#     to set the Java Heap base and to place the Java Heap above 32GB virtual address.
# This output file may be truncated or incomplete.
#
#  Out of Memory Error (os_windows.cpp:3600), pid=29072, tid=27420
#
# JRE version:  (21.0.2+13) (build )
# Java VM: OpenJDK 64-Bit Server VM (21.0.2+13-58, mixed mode, sharing, tiered, compressed oops, compressed class ptrs, g1 gc, windows-amd64)
# No core dump will be written. Minidumps are not enabled by default on client versions of Windows
#

---------------  S U M M A R Y ------------

Command Line: -javaagent:C:\Program Files\JetBrains\IntelliJ IDEA 2023.3.4\lib\idea_rt.jar=63191:C:\Program Files\JetBrains\IntelliJ IDEA 2023.3.4\bin -Dfile.encoding=UTF-8 -Dsun.stdout.encoding=UTF-8 -Dsun.stderr.encoding=UTF-8 PA303_7_1.ArrayDemoFive

Host: 12th Gen Intel(R) Core(TM) i7-1255U, 12 cores, 11G,  Windows 11 , 64 bit Build 22621 (10.0.22621.3235)
Time: Mon Mar 25 11:00:37 2024 Pacific Daylight Time elapsed time: 0.010496 seconds (0d 0h 0m 0s)

---------------  T H R E A D  ---------------

Current thread (0x000001c302f64b50):  JavaThread "Unknown thread" [_thread_in_vm, id=27420, stack(0x0000007d83100000,0x0000007d83200000) (1024K)]

Stack: [0x0000007d83100000,0x0000007d83200000]
Native frames: (J=compiled Java code, j=interpreted, Vv=VM code, C=native code)
V  [jvm.dll+0x6cade9]
V  [jvm.dll+0x8569c1]
V  [jvm.dll+0x858d2e]
V  [jvm.dll+0x859413]
V  [jvm.dll+0x280e56]
V  [jvm.dll+0x6c74d5]
V  [jvm.dll+0x6bbeca]
V  [jvm.dll+0x355bca]
V  [jvm.dll+0x35d816]
V  [jvm.dll+0x3ae67e]
V  [jvm.dll+0x3ae928]
V  [jvm.dll+0x3295dc]
V  [jvm.dll+0x32a16b]
V  [jvm.dll+0x81efa9]
V  [jvm.dll+0x3bba01]
V  [jvm.dll+0x807928]
V  [jvm.dll+0x44f50e]
V  [jvm.dll+0x450e11]
C  [jli.dll+0x52a3]
C  [ucrtbase.dll+0x29363]
C  [KERNEL32.DLL+0x1257d]
C  [ntdll.dll+0x5aa58]


---------------  P R O C E S S  ---------------

Threads class SMR info:
_java_thread_list=0x00007ffd7529bb88, length=0, elements={
}

Java Threads: ( => current thread )
Total: 0

Other Threads:
  0x000001c30521c350 WorkerThread "GC Thread#0"                     [id=30232, stack(0x0000007d83200000,0x0000007d83300000) (1024K)]
  0x000001c305228fb0 ConcurrentGCThread "G1 Main Marker"            [id=26744, stack(0x0000007d83300000,0x0000007d83400000) (1024K)]
  0x000001c3052299c0 WorkerThread "G1 Conc#0"                       [id=27800, stack(0x0000007d83400000,0x0000007d83500000) (1024K)]

[error occurred during error reporting (printing all threads), id 0xc0000005, EXCEPTION_ACCESS_VIOLATION (0xc0000005) at pc=0x00007ffd74a0c6a7]
VM state: not at safepoint (not fully initialized)

VM Mutex/Monitor currently owned by a thread:  ([mutex/lock_event])
[0x00007ffd7530ce68] Heap_lock - owner thread: 0x000001c302f64b50

Heap address: 0x0000000744400000, size: 3004 MB, Compressed Oops mode: Zero based, Oop shift amount: 3

CDS archive(s) mapped at: [0x0000000000000000-0x0000000000000000-0x0000000000000000), size 0, SharedBaseAddress: 0x0000000800000000, ArchiveRelocationMode: 1.
Narrow klass base: 0x0000000000000000, Narrow klass shift: 0, Narrow klass range: 0x0

GC Precious Log:
 CardTable entry size: 512
 Card Set container configuration: InlinePtr #cards 4 size 8 Array Of Cards #cards 16 size 48 Howl #buckets 8 coarsen threshold 3686 Howl Bitmap #cards 512 size 80 coarsen threshold 460 Card regions per heap region 1 cards per card region 4096

Heap:
 garbage-first heap   total 0K, used 0K [0x0000000744400000, 0x0000000800000000)
  region size 2048K, 0 young (0K), 0 survivors (0K)

[error occurred during error reporting (printing heap information), id 0xc0000005, EXCEPTION_ACCESS_VIOLATION (0xc0000005) at pc=0x00007ffd74df39f9]
GC Heap History (0 events):
No events

Dll operation events (1 events):
Event: 0.006 Loaded shared library C:\Users\Jeoha\.jdks\openjdk-21.0.2\bin\java.dll

Deoptimization events (0 events):
No events

Classes loaded (0 events):
No events

Classes unloaded (0 events):
No events

Classes redefined (0 events):
No events

Internal exceptions (0 events):
No events

ZGC Phase Switch (0 events):
No events

VM Operations (0 events):
No events

Events (0 events):
No events


Dynamic libraries:
0x00007ff719630000 - 0x00007ff71963e000 	C:\Users\Jeoha\.jdks\openjdk-21.0.2\bin\java.exe
0x00007ffd8dc70000 - 0x00007ffd8de86000 	C:\WINDOWS\SYSTEM32\ntdll.dll
0x00007ffd8ca80000 - 0x00007ffd8cb44000 	C:\WINDOWS\System32\KERNEL32.DLL
0x00007ffd8b110000 - 0x00007ffd8b4b6000 	C:\WINDOWS\System32\KERNELBASE.dll
0x00007ffd8b530000 - 0x00007ffd8b641000 	C:\WINDOWS\System32\ucrtbase.dll
0x00007ffd88250000 - 0x00007ffd8826b000 	C:\Users\Jeoha\.jdks\openjdk-21.0.2\bin\VCRUNTIME140.dll
0x00007ffd88270000 - 0x00007ffd88288000 	C:\Users\Jeoha\.jdks\openjdk-21.0.2\bin\jli.dll
0x00007ffd8bac0000 - 0x00007ffd8bc6d000 	C:\WINDOWS\System32\USER32.dll
0x00007ffd8b6d0000 - 0x00007ffd8b6f6000 	C:\WINDOWS\System32\win32u.dll
0x00007ffd7af70000 - 0x00007ffd7b203000 	C:\WINDOWS\WinSxS\amd64_microsoft.windows.common-controls_6595b64144ccf1df_6.0.22621.3235_none_270f74e173860f98\COMCTL32.dll
0x00007ffd8c720000 - 0x00007ffd8c749000 	C:\WINDOWS\System32\GDI32.dll
0x00007ffd8d190000 - 0x00007ffd8d237000 	C:\WINDOWS\System32\msvcrt.dll
0x00007ffd8b8a0000 - 0x00007ffd8b9b8000 	C:\WINDOWS\System32\gdi32full.dll
0x00007ffd8b070000 - 0x00007ffd8b10a000 	C:\WINDOWS\System32\msvcp_win.dll
0x00007ffd8c8a0000 - 0x00007ffd8c8d1000 	C:\WINDOWS\System32\IMM32.DLL
0x00007ffd88240000 - 0x00007ffd8824c000 	C:\Users\Jeoha\.jdks\openjdk-21.0.2\bin\vcruntime140_1.dll
0x00007ffd862f0000 - 0x00007ffd8637e000 	C:\Users\Jeoha\.jdks\openjdk-21.0.2\bin\msvcp140.dll
0x00007ffd746d0000 - 0x00007ffd753e7000 	C:\Users\Jeoha\.jdks\openjdk-21.0.2\bin\server\jvm.dll
0x00007ffd8d3e0000 - 0x00007ffd8d492000 	C:\WINDOWS\System32\ADVAPI32.dll
0x00007ffd8d620000 - 0x00007ffd8d6c8000 	C:\WINDOWS\System32\sechost.dll
0x00007ffd8b700000 - 0x00007ffd8b728000 	C:\WINDOWS\System32\bcrypt.dll
0x00007ffd8c750000 - 0x00007ffd8c865000 	C:\WINDOWS\System32\RPCRT4.dll
0x00007ffd8d4a0000 - 0x00007ffd8d511000 	C:\WINDOWS\System32\WS2_32.dll
0x00007ffd82820000 - 0x00007ffd82854000 	C:\WINDOWS\SYSTEM32\WINMM.dll
0x00007ffd89e40000 - 0x00007ffd89e8d000 	C:\WINDOWS\SYSTEM32\POWRPROF.dll
0x00007ffd6fa40000 - 0x00007ffd6fa4a000 	C:\WINDOWS\SYSTEM32\VERSION.dll
0x00007ffd89e20000 - 0x00007ffd89e33000 	C:\WINDOWS\SYSTEM32\UMPDC.dll
0x00007ffd8a0e0000 - 0x00007ffd8a0f8000 	C:\WINDOWS\SYSTEM32\kernel.appcore.dll
0x00007ffd86590000 - 0x00007ffd8659a000 	C:\Users\Jeoha\.jdks\openjdk-21.0.2\bin\jimage.dll
0x00007ffd7a710000 - 0x00007ffd7a943000 	C:\WINDOWS\SYSTEM32\DBGHELP.DLL
0x00007ffd8d730000 - 0x00007ffd8dab8000 	C:\WINDOWS\System32\combase.dll
0x00007ffd8bc70000 - 0x00007ffd8bd47000 	C:\WINDOWS\System32\OLEAUT32.dll
0x00007ffd6c2c0000 - 0x00007ffd6c2f2000 	C:\WINDOWS\SYSTEM32\dbgcore.DLL
0x00007ffd8b650000 - 0x00007ffd8b6ca000 	C:\WINDOWS\System32\bcryptPrimitives.dll
0x00007ffd862e0000 - 0x00007ffd862ef000 	C:\Users\Jeoha\.jdks\openjdk-21.0.2\bin\instrument.dll
0x00007ffd86390000 - 0x00007ffd863af000 	C:\Users\Jeoha\.jdks\openjdk-21.0.2\bin\java.dll

dbghelp: loaded successfully - version: 4.0.5 - missing functions: none
symbol engine: initialized successfully - sym options: 0x614 - pdb path: .;C:\Users\Jeoha\.jdks\openjdk-21.0.2\bin;C:\WINDOWS\SYSTEM32;C:\WINDOWS\WinSxS\amd64_microsoft.windows.common-controls_6595b64144ccf1df_6.0.22621.3235_none_270f74e173860f98;C:\Users\Jeoha\.jdks\openjdk-21.0.2\bin\server

VM Arguments:
jvm_args: -javaagent:C:\Program Files\JetBrains\IntelliJ IDEA 2023.3.4\lib\idea_rt.jar=63191:C:\Program Files\JetBrains\IntelliJ IDEA 2023.3.4\bin -Dfile.encoding=UTF-8 -Dsun.stdout.encoding=UTF-8 -Dsun.stderr.encoding=UTF-8 
java_command: PA303_7_1.ArrayDemoFive
java_class_path (initial): C:\Users\Jeoha\Desktop\PerscholasAssignments\perscholashomeworks\PerscholasHomeworks\CoreJavaVariables\out\production\Perscholas-Assignments
Launcher Type: SUN_STANDARD

[Global flags]
     intx CICompilerCount                          = 4                                         {product} {ergonomic}
     uint ConcGCThreads                            = 3                                         {product} {ergonomic}
     uint G1ConcRefinementThreads                  = 10                                        {product} {ergonomic}
   size_t G1HeapRegionSize                         = 2097152                                   {product} {ergonomic}
    uintx GCDrainStackTargetSize                   = 64                                        {product} {ergonomic}
   size_t InitialHeapSize                          = 197132288                                 {product} {ergonomic}
   size_t MarkStackSize                            = 4194304                                   {product} {ergonomic}
   size_t MaxHeapSize                              = 3149922304                                {product} {ergonomic}
   size_t MinHeapDeltaBytes                        = 2097152                                   {product} {ergonomic}
   size_t MinHeapSize                              = 8388608                                   {product} {ergonomic}
    uintx NonNMethodCodeHeapSize                   = 5839372                                {pd product} {ergonomic}
    uintx NonProfiledCodeHeapSize                  = 122909434                              {pd product} {ergonomic}
    uintx ProfiledCodeHeapSize                     = 122909434                              {pd product} {ergonomic}
    uintx ReservedCodeCacheSize                    = 251658240                              {pd product} {ergonomic}
     bool SegmentedCodeCache                       = true                                      {product} {ergonomic}
   size_t SoftMaxHeapSize                          = 3149922304                             {manageable} {ergonomic}
     bool UseCompressedOops                        = true                           {product lp64_product} {ergonomic}
     bool UseG1GC                                  = true                                      {product} {ergonomic}
     bool UseLargePagesIndividualAllocation        = false                                  {pd product} {ergonomic}

Logging:
Log output configuration:
 #0: stdout all=warning uptime,level,tags foldmultilines=false
 #1: stderr all=off uptime,level,tags foldmultilines=false

Environment Variables:
JAVA_HOME=C:\Users\Jeoha\Downloads\openjdk-19.0.2_windows-x64_bin\jdk-19.0.2
PATH=C:\Python312\Scripts\;C:\Python312\;C:\Program Files (x86)\TRICENTIS\Tosca Testsuite\ToscaCommander;;C:\Program Files\Common Files\Oracle\Java\javapath;C:\WINDOWS\system32;C:\WINDOWS;C:\WINDOWS\System32\Wbem;C:\WINDOWS\System32\WindowsPowerShell\v1.0\;C:\WINDOWS\System32\OpenSSH\;C:\Users\Jeoha\Downloads\openjdk-19.0.2_windows-x64_bin\jdk-19.0.2\bin;C:\Users\Jeoha\OneDrive\Desktop\SDET\apache-maven-3.9.2\bin;C:\Program Files\dotnet\;C:\Program Files\Git\cmd;C:\Program Files\nodejs\;C:\ProgramData\chocolatey\bin;C:\Users\Jeoha\AppData\Local\Microsoft\WindowsApps;;C:\Program Files\JetBrains\IntelliJ IDEA Community Edition 2023.2.3\bin;;C:\Users\Jeoha\AppData\Local\Programs\Microsoft VS Code\bin;C:\Users\Jeoha\AppData\Roaming\npm
USERNAME=Jeoha
OS=Windows_NT
PROCESSOR_IDENTIFIER=Intel64 Family 6 Model 154 Stepping 4, GenuineIntel
TMP=C:\Users\Jeoha\AppData\Local\Temp
TEMP=C:\Users\Jeoha\AppData\Local\Temp




Periodic native trim disabled

---------------  S Y S T E M  ---------------

OS:
 Windows 11 , 64 bit Build 22621 (10.0.22621.3235)
OS uptime: 3 days 4:27 hours

CPU: total 12 (initial active 12) (12 cores per cpu, 1 threads per core) family 6 model 154 stepping 4 microcode 0x424, cx8, cmov, fxsr, mmx, 3dnowpref, sse, sse2, sse3, ssse3, sse4.1, sse4.2, popcnt, lzcnt, tsc, tscinvbit, avx, avx2, aes, erms, clmul, bmi1, bmi2, adx, sha, fma, vzeroupper, clflush, clflushopt, clwb, serialize, rdtscp, rdpid, fsrm, f16c, pku, cet_ibt, cet_ss
Processor Information for processor 0
  Max Mhz: 1700, Current Mhz: 1700, Mhz Limit: 1700
Processor Information for processor 1
  Max Mhz: 1700, Current Mhz: 1700, Mhz Limit: 1700
Processor Information for processor 2
  Max Mhz: 1700, Current Mhz: 1700, Mhz Limit: 1700
Processor Information for processor 3
  Max Mhz: 1700, Current Mhz: 1700, Mhz Limit: 1700
Processor Information for processor 4
  Max Mhz: 1200, Current Mhz: 1200, Mhz Limit: 1200
Processor Information for processor 5
  Max Mhz: 1200, Current Mhz: 1200, Mhz Limit: 1200
Processor Information for processor 6
  Max Mhz: 1200, Current Mhz: 1200, Mhz Limit: 1200
Processor Information for processor 7
  Max Mhz: 1200, Current Mhz: 1200, Mhz Limit: 1200
Processor Information for processor 8
  Max Mhz: 1200, Current Mhz: 1200, Mhz Limit: 1200
Processor Information for processor 9
  Max Mhz: 1200, Current Mhz: 1200, Mhz Limit: 1200
Processor Information for processor 10
  Max Mhz: 1200, Current Mhz: 1200, Mhz Limit: 1200
Processor Information for processor 11
  Max Mhz: 1200, Current Mhz: 1200, Mhz Limit: 1200

Memory: 4k page, system-wide physical 12012M (821M free)
TotalPageFile size 48876M (AvailPageFile size 136M)
current process WorkingSet (physical memory assigned to process): 11M, peak: 11M
current process commit charge ("private bytes"): 64M, peak: 252M

vm_info: OpenJDK 64-Bit Server VM (21.0.2+13-58) for windows-amd64 JRE (21.0.2+13-58), built on 2024-01-05T18:32:24Z by "mach5one" with MS VC++ 17.1 (VS2022)

END.
